<?xml version="1.0" encoding="UTF-8"?>
<!-- Generated by org.testng.reporters.JUnitReportReporter -->
<testsuite hostname="DESKTOP-BU5RJHB" failures="0" tests="2" name="com.nopcommerce.user.Level_24_Data_Faker" time="4.210" errors="0" timestamp="23 Oct 2023 08:09:53 GMT" skipped="0">
  <testcase classname="com.nopcommerce.user.Level_24_Data_Faker" name="User_01_Validate_Register" time="1.520"/>
  <testcase classname="com.nopcommerce.user.Level_24_Data_Faker" name="User_02_Register_Success" time="2.690"/>
</testsuite> <!-- com.nopcommerce.user.Level_24_Data_Faker -->
