<?xml version="1.0" encoding="UTF-8"?>
<!-- Generated by org.testng.reporters.JUnitReportReporter -->
<testsuite hostname="DESKTOP-BU5RJHB" failures="0" tests="4" name="com.nopcommerce.share.Order" time="0.074" errors="0" timestamp="04 Oct 2023 08:25:37 GMT" skipped="0">
  <testcase classname="com.nopcommerce.share.Order" name="Payment_03_Paypal" time="0.006"/>
  <testcase classname="com.nopcommerce.share.Order" name="Payment_04_Bitcoin" time="0.006"/>
  <testcase classname="com.nopcommerce.share.Order" name="Payment_02_Cheque" time="0.005"/>
  <testcase classname="com.nopcommerce.share.Order" name="Payment_01_Visa" time="0.057"/>
</testsuite> <!-- com.nopcommerce.share.Order -->
