<?xml version="1.0" encoding="UTF-8"?>
<!-- Generated by org.testng.reporters.JUnitReportReporter -->
<testsuite hostname="DESKTOP-BU5RJHB" failures="0" tests="2" name="com.nopcommerce.user.Level_25_3_Data_Internal_File" time="3.585" errors="0" timestamp="24 Oct 2023 01:56:29 GMT" skipped="0">
  <testcase classname="com.nopcommerce.user.Level_25_3_Data_Internal_File" name="User_01_Validate_Register" time="1.084"/>
  <testcase classname="com.nopcommerce.user.Level_25_3_Data_Internal_File" name="User_02_Register_Success" time="2.501"/>
</testsuite> <!-- com.nopcommerce.user.Level_25_3_Data_Internal_File -->
