<?xml version="1.0" encoding="UTF-8"?>
<!-- Generated by org.testng.reporters.JUnitReportReporter -->
<testsuite hostname="DESKTOP-BU5RJHB" failures="0" tests="1" name="com.nopcommerce.user.Level_22_Close_Browser" time="3.706" errors="0" timestamp="05 Oct 2023 14:57:44 GMT" skipped="0">
  <testcase classname="com.nopcommerce.user.Level_22_Close_Browser" name="Login" time="3.706"/>
</testsuite> <!-- com.nopcommerce.user.Level_22_Close_Browser -->
