<?xml version="1.0" encoding="UTF-8"?>
<!-- Generated by org.testng.reporters.JUnitReportReporter -->
<testsuite hostname="DESKTOP-BU5RJHB" failures="0" tests="1" name="com.nopcommerce.user.Level_21_Pattern_Object" time="4.997" errors="0" timestamp="28 Sep 2023 12:38:33 GMT" skipped="0">
  <testcase classname="com.nopcommerce.user.Level_21_Pattern_Object" name="User_01_Register_Empty_Data" time="4.997"/>
</testsuite> <!-- com.nopcommerce.user.Level_21_Pattern_Object -->
