<?xml version="1.0" encoding="UTF-8"?>
<!-- Generated by org.testng.reporters.JUnitReportReporter -->
<testsuite hostname="DESKTOP-BU5RJHB" failures="0" tests="2" name="com.nopcommerce.user.Level_25_5_Data_External_File_Json" time="4.393" errors="0" timestamp="2023-10-31T15:10:33 ICT" skipped="0">
  <testcase classname="com.nopcommerce.user.Level_25_5_Data_External_File_Json" name="User_01_Validate_Register" time="1.834"/>
  <testcase classname="com.nopcommerce.user.Level_25_5_Data_External_File_Json" name="User_02_Register_Success" time="2.559"/>
  <system-out>
    <![CDATA[OS name = d:\04 - maven hybrid framework
Driver instance name = chromedriver: chrome on windows (d41c3964645639d46fe78648d642ca5a)]]>
  </system-out>
</testsuite> <!-- com.nopcommerce.user.Level_25_5_Data_External_File_Json -->
