<?xml version="1.0" encoding="UTF-8"?>
<!-- Generated by org.testng.reporters.JUnitReportReporter -->
<testsuite hostname="DESKTOP-BU5RJHB" failures="0" tests="3" name="com.nopcommerce.cookie.Product_Detail" time="0.009" errors="0" timestamp="04 Oct 2023 09:20:06 GMT" skipped="0">
  <testcase classname="com.nopcommerce.cookie.Product_Detail" name="Product_03_Edit_Product" time="0.004"/>
  <testcase classname="com.nopcommerce.cookie.Product_Detail" name="Product_01_New_Product" time="0.003"/>
  <testcase classname="com.nopcommerce.cookie.Product_Detail" name="Product_02_View_Product" time="0.002"/>
</testsuite> <!-- com.nopcommerce.cookie.Product_Detail -->
