<?xml version="1.0" encoding="UTF-8"?>
<!-- Generated by org.testng.reporters.JUnitReportReporter -->
<testsuite hostname="DESKTOP-BU5RJHB" failures="0" tests="4" name="com.saucelab.Level_23_Sort_Data" time="1.458" errors="0" timestamp="21 Oct 2023 15:35:18 GMT" skipped="0">
  <testcase classname="com.saucelab.Level_23_Sort_Data" name="Sort_02_Name_Descending" time="0.396"/>
  <testcase classname="com.saucelab.Level_23_Sort_Data" name="Sort_03_Price_Ascending" time="0.284"/>
  <testcase classname="com.saucelab.Level_23_Sort_Data" name="Sort_04_Price_Descending" time="0.282"/>
  <testcase classname="com.saucelab.Level_23_Sort_Data" name="Sort_01_Name_Ascending" time="0.496"/>
</testsuite> <!-- com.saucelab.Level_23_Sort_Data -->
