<?xml version="1.0" encoding="UTF-8"?>
<!-- Generated by org.testng.reporters.JUnitReportReporter -->
<testsuite hostname="DESKTOP-BU5RJHB" failures="0" tests="1" name="com.facebook.home.Level_20_Element_Undisplayed" time="25.571" errors="0" timestamp="25 Sep 2023 08:42:15 GMT" skipped="0">
  <testcase classname="com.facebook.home.Level_20_Element_Undisplayed" name="Home_03_Element_Undisplayed_NOT_In_HTML_02" time="25.571"/>
</testsuite> <!-- com.facebook.home.Level_20_Element_Undisplayed -->
