<?xml version="1.0" encoding="UTF-8"?>
<!-- Generated by org.testng.reporters.JUnitReportReporter -->
<testsuite hostname="DESKTOP-BU5RJHB" failures="0" tests="2" name="com.nopcommerce.user.Level_19_Allure_Report" time="5.764" errors="0" timestamp="20 Sep 2023 13:30:25 GMT" skipped="0">
  <testcase classname="com.nopcommerce.user.Level_19_Allure_Report" name="User_01_Register_Validate" time="2.212"/>
  <testcase classname="com.nopcommerce.user.Level_19_Allure_Report" name="User_02_Register_Success" time="3.552"/>
</testsuite> <!-- com.nopcommerce.user.Level_19_Allure_Report -->
