<?xml version="1.0" encoding="UTF-8"?>
<!-- Generated by org.testng.reporters.JUnitReportReporter -->
<testsuite hostname="DESKTOP-BU5RJHB" failures="0" tests="4" name="com.nopcommerce.cookie.Order" time="0.058" errors="0" timestamp="04 Oct 2023 09:20:06 GMT" skipped="0">
  <testcase classname="com.nopcommerce.cookie.Order" name="Payment_03_Paypal" time="0.006"/>
  <testcase classname="com.nopcommerce.cookie.Order" name="Payment_02_Cheque" time="0.004"/>
  <testcase classname="com.nopcommerce.cookie.Order" name="Payment_01_Visa" time="0.043"/>
  <testcase classname="com.nopcommerce.cookie.Order" name="Payment_04_Bitcoin" time="0.005"/>
</testsuite> <!-- com.nopcommerce.cookie.Order -->
