<?xml version="1.0" encoding="UTF-8"?>
<!-- Generated by org.testng.reporters.JUnitReportReporter -->
<testsuite hostname="DESKTOP-BU5RJHB" failures="0" tests="3" name="com.nopcommerce.share.Product_Detail" time="0.019" errors="0" timestamp="04 Oct 2023 08:25:37 GMT" skipped="0">
  <testcase classname="com.nopcommerce.share.Product_Detail" name="Product_02_View_Product" time="0.008"/>
  <testcase classname="com.nopcommerce.share.Product_Detail" name="Product_03_Edit_Product" time="0.005"/>
  <testcase classname="com.nopcommerce.share.Product_Detail" name="Product_01_New_Product" time="0.006"/>
</testsuite> <!-- com.nopcommerce.share.Product_Detail -->
