<?xml version="1.0" encoding="UTF-8"?>
<!-- Generated by org.testng.reporters.JUnitReportReporter -->
<testsuite hostname="DESKTOP-BU5RJHB" failures="0" tests="4" name="com.nopcommerce.share.Payment" time="0.016" errors="0" timestamp="04 Oct 2023 08:25:37 GMT" skipped="0">
  <testcase classname="com.nopcommerce.share.Payment" name="Order_03_Phone" time="0.003"/>
  <testcase classname="com.nopcommerce.share.Payment" name="Order_04_Success" time="0.005"/>
  <testcase classname="com.nopcommerce.share.Payment" name="Order_01_Invalid_Address" time="0.005"/>
  <testcase classname="com.nopcommerce.share.Payment" name="Order_02_Invalid_SSN" time="0.003"/>
</testsuite> <!-- com.nopcommerce.share.Payment -->
